<?xml version="1.0" encoding="UTF-8"?>
<testsuite xmlns:xsi="http://www.w3.org/2001/XMLSchema-instance" xsi:noNamespaceSchemaLocation="https://maven.apache.org/surefire/maven-surefire-plugin/xsd/surefire-test-report-3.0.xsd" version="3.0" name="com.example.scholarship.controller.TestReviewController" time="8.955" tests="1" errors="0" skipped="0" failures="0">
  <properties>
[...]
</properties>
  <testcase name="testGetMyApplications_Success" classname="com.example.scholarship.controller.TestReviewController" time="0.183">
    <system-out><![CDATA[17:48:22.128 [main] INFO org.springframework.test.context.support.AnnotationConfigContextLoaderUtils -- Could not detect default configuration classes for test class [com.example.scholarship.controller.TestReviewController]: TestReviewController does not declare any static, non-private, non-final, nested classes annotated with @Configuration.
17:48:22.224 [main] INFO org.springframework.boot.test.context.SpringBootTestContextBootstrapper -- Found @SpringBootConfiguration com.example.scholarship.ScholarshipSystemApplication for test class com.example.scholarship.controller.TestReviewController
17:48:22.341 [main] INFO org.springframework.boot.devtools.restart.RestartApplicationListener -- Restart disabled due to context in which it is running

  .   ____          _            __ _ _
 /\\ / ___'_ __ _ _(_)_ __  __ _ \ \ \ \
( ( )\___ | '_ | '_| | '_ \/ _` | \ \ \ \
 \\/  ___)| |_)| | | | | || (_| |  ) ) ) )
  '  |____| .__|_| |_|_| |_\__, | / / / /
 =========|_|==============|___/=/_/_/_/
 :: Spring Boot ::                (v3.2.0)

2025-11-21 17:48:22 [main] INFO  c.e.s.c.TestReviewController - Starting TestReviewController using Java 17.0.2 with PID 3720 (started by ASUS in C:\Users\ASUS\Desktop\副本\scholarship-system)
2025-11-21 17:48:22 [main] DEBUG c.e.s.c.TestReviewController - Running with Spring Boot v3.2.0, Spring v6.1.1
2025-11-21 17:48:22 [main] INFO  c.e.s.c.TestReviewController - No active profile set, falling back to 1 default profile: "default"
2025-11-21 17:48:23 [main] INFO  o.s.d.r.c.RepositoryConfigurationDelegate - Bootstrapping Spring Data JPA repositories in DEFAULT mode.
2025-11-21 17:48:23 [main] INFO  o.s.d.r.c.RepositoryConfigurationDelegate - Finished Spring Data repository scanning in 46 ms. Found 5 JPA repository interfaces.
2025-11-21 17:48:24 [main] INFO  o.h.jpa.internal.util.LogHelper - HHH000204: Processing PersistenceUnitInfo [name: default]
2025-11-21 17:48:25 [main] INFO  org.hibernate.Version - HHH000412: Hibernate ORM core version 6.3.1.Final
2025-11-21 17:48:25 [main] INFO  o.h.c.i.RegionFactoryInitiator - HHH000026: Second-level cache disabled
2025-11-21 17:48:25 [main] INFO  o.s.o.j.p.SpringPersistenceUnitInfo - No LoadTimeWeaver setup: ignoring JPA class transformer
2025-11-21 17:48:25 [main] INFO  com.zaxxer.hikari.HikariDataSource - HikariPool-1 - Starting...
2025-11-21 17:48:25 [main] INFO  com.zaxxer.hikari.pool.HikariPool - HikariPool-1 - Added connection org.postgresql.jdbc.PgConnection@37c5b8e8
2025-11-21 17:48:25 [main] INFO  com.zaxxer.hikari.HikariDataSource - HikariPool-1 - Start completed.
2025-11-21 17:48:25 [main] WARN  org.hibernate.orm.deprecation - HHH90000025: PostgreSQLDialect does not need to be specified explicitly using 'hibernate.dialect' (remove the property setting and it will be selected by default)
2025-11-21 17:48:26 [main] INFO  o.h.e.t.j.p.i.JtaPlatformInitiator - HHH000489: No JTA platform available (set 'hibernate.transaction.jta.platform' to enable JTA platform integration)
2025-11-21 17:48:26 [main] INFO  o.s.o.j.LocalContainerEntityManagerFactoryBean - Initialized JPA EntityManagerFactory for persistence unit 'default'
2025-11-21 17:48:27 [main] INFO  o.s.d.j.r.query.QueryEnhancerFactory - Hibernate is in classpath; If applicable, HQL parser will be used.
2025-11-21 17:48:27 [main] WARN  o.s.b.a.o.j.JpaBaseConfiguration$JpaWebConfiguration - spring.jpa.open-in-view is enabled by default. Therefore, database queries may be performed during view rendering. Explicitly configure spring.jpa.open-in-view to disable this warning
2025-11-21 17:48:27 [main] INFO  o.s.b.a.w.s.WelcomePageHandlerMapping - Adding welcome page template: index
2025-11-21 17:48:28 [main] INFO  o.s.s.web.DefaultSecurityFilterChain - Will secure any request with [org.springframework.security.web.session.DisableEncodeUrlFilter@7820a19d, org.springframework.security.web.context.request.async.WebAsyncManagerIntegrationFilter@3a2173cd, org.springframework.security.web.context.SecurityContextHolderFilter@ce15aa, org.springframework.security.web.header.HeaderWriterFilter@636787fd, org.springframework.web.filter.CorsFilter@27cd156a, org.springframework.security.web.csrf.CsrfFilter@46110b82, org.springframework.security.web.authentication.logout.LogoutFilter@6267b25a, org.springframework.security.web.authentication.UsernamePasswordAuthenticationFilter@2db618e3, org.springframework.security.web.session.ConcurrentSessionFilter@7adc8212, org.springframework.security.web.savedrequest.RequestCacheAwareFilter@6e3f38c1, org.springframework.security.web.servletapi.SecurityContextHolderAwareRequestFilter@7d9f0cf4, org.springframework.security.web.authentication.AnonymousAuthenticationFilter@4af44e42, org.springframework.security.web.session.SessionManagementFilter@78835956, org.springframework.security.web.access.ExceptionTranslationFilter@6845dfcc, org.springframework.security.web.access.intercept.AuthorizationFilter@48b14e4a]
2025-11-21 17:48:28 [main] INFO  o.s.b.t.m.w.SpringBootMockServletContext - Initializing Spring TestDispatcherServlet ''
2025-11-21 17:48:28 [main] INFO  o.s.t.w.s.TestDispatcherServlet - Initializing Servlet ''
2025-11-21 17:48:28 [main] INFO  o.s.t.w.s.TestDispatcherServlet - Completed initialization in 0 ms
2025-11-21 17:48:28 [main] INFO  c.e.s.c.TestReviewController - Started TestReviewController in 6.222 seconds (process running for 6.96)
创建管理员用户: admin
创建学生记录: 学号20210002, 姓名张小明
数据初始化完成，当前用户总数: 0
2025-11-21 17:48:30 [main] DEBUG o.s.s.w.c.HttpSessionSecurityContextRepository - Created HttpSession as SecurityContext is non-default
2025-11-21 17:48:30 [main] DEBUG o.s.s.w.c.HttpSessionSecurityContextRepository - Stored SecurityContextImpl [Authentication=UsernamePasswordAuthenticationToken [Principal=testStudent, Credentials=[PROTECTED], Authenticated=true, Details=null, Granted Authorities=[ROLE_STUDENT]]] to HttpSession [org.springframework.mock.web.MockHttpSession@56fb87cd]
2025-11-21 17:48:30 [main] DEBUG o.s.security.web.FilterChainProxy - Securing GET /api/reviews/my-applications
2025-11-21 17:48:30 [main] WARN  o.s.w.s.h.HandlerMappingIntrospector - Cache miss for REQUEST dispatch to '/api/reviews/my-applications' (previous null). Performing CorsConfiguration lookup. This is logged once only at WARN level, and every time at TRACE.
2025-11-21 17:48:30 [main] DEBUG o.s.s.w.c.HttpSessionSecurityContextRepository - Retrieved SecurityContextImpl [Authentication=UsernamePasswordAuthenticationToken [Principal=testStudent, Credentials=[PROTECTED], Authenticated=true, Details=null, Granted Authorities=[ROLE_STUDENT]]]
2025-11-21 17:48:30 [main] DEBUG o.s.security.web.FilterChainProxy - Secured GET /api/reviews/my-applications
2025-11-21 17:48:30 [main] DEBUG o.s.s.a.m.AuthorizationManagerBeforeMethodInterceptor - Authorizing method invocation ReflectiveMethodInvocation: public org.springframework.http.ResponseEntity com.example.scholarship.controller.ReviewController.getMyApplications(org.springframework.data.domain.Pageable); target is of class [com.example.scholarship.controller.ReviewController]
2025-11-21 17:48:30 [main] DEBUG o.s.s.a.m.AuthorizationManagerBeforeMethodInterceptor - Authorized method invocation ReflectiveMethodInvocation: public org.springframework.http.ResponseEntity com.example.scholarship.controller.ReviewController.getMyApplications(org.springframework.data.domain.Pageable); target is of class [com.example.scholarship.controller.ReviewController]
]]></system-out>
  </testcase>
</testsuite>